0 info it worked if it ends with ok
1 verbose cli [ '/usr/local/bin/node',
1 verbose cli   '/usr/local/bin/npm',
1 verbose cli   'install',
1 verbose cli   '-g',
1 verbose cli   'angular/cli' ]
2 info using npm@4.1.2
3 info using node@v7.7.2
4 silly loadCurrentTree Starting
5 silly install loadCurrentTree
6 silly install readGlobalPackageData
7 silly fetchPackageMetaData angular/cli
8 silly fetchOtherPackageData angular/cli
9 silly cache add args [ 'angular/cli', null ]
10 verbose cache add spec angular/cli
11 silly cache add parsed spec Result {
11 silly cache add   raw: 'angular/cli',
11 silly cache add   scope: null,
11 silly cache add   escapedName: null,
11 silly cache add   name: null,
11 silly cache add   rawSpec: 'angular/cli',
11 silly cache add   spec: 'github:angular/cli',
11 silly cache add   type: 'hosted',
11 silly cache add   hosted:
11 silly cache add    { type: 'github',
11 silly cache add      ssh: 'git@github.com:angular/cli.git',
11 silly cache add      sshUrl: 'git+ssh://git@github.com/angular/cli.git',
11 silly cache add      httpsUrl: 'git+https://github.com/angular/cli.git',
11 silly cache add      gitUrl: 'git://github.com/angular/cli.git',
11 silly cache add      shortcut: 'github:angular/cli',
11 silly cache add      directUrl: 'https://raw.githubusercontent.com/angular/cli/master/package.json' } }
12 verbose addRemoteGit caching angular/cli
13 verbose addRemoteGit angular/cli is a repository hosted by github
14 silly tryGitProto attempting to clone git://github.com/angular/cli.git
15 silly tryClone cloning angular/cli via git://github.com/angular/cli.git
16 verbose tryClone git-github-com-angular-cli-git-abc2a622 not in flight; caching
17 verbose correctMkdir /Users/oge/.npm/_git-remotes correctMkdir not in flight; initializing
18 verbose makeDirectory /Users/oge/.npm/_git-remotes creation not in flight; initializing
19 silly makeDirectory /Users/oge/.npm/_git-remotes uid: 501 gid: 20
20 info git [ 'clone',
20 info git   '--template=/Users/oge/.npm/_git-remotes/_templates',
20 info git   '--mirror',
20 info git   'git://github.com/angular/cli.git',
20 info git   '/Users/oge/.npm/_git-remotes/git-github-com-angular-cli-git-abc2a622' ]
21 verbose git clone --template=/Users/oge/.npm/_git-remotes/_templates --mirror git://github.com/angular/cli.git /Users/oge/.npm/_git-remotes/git-github-com-angular-cli-git-abc2a622: Cloning into bare repository '/Users/oge/.npm/_git-remotes/git-github-com-angular-cli-git-abc2a622'...
21 verbose git clone --template=/Users/oge/.npm/_git-remotes/_templates --mirror git://github.com/angular/cli.git /Users/oge/.npm/_git-remotes/git-github-com-angular-cli-git-abc2a622: fatal: remote error:
21 verbose git clone --template=/Users/oge/.npm/_git-remotes/_templates --mirror git://github.com/angular/cli.git /Users/oge/.npm/_git-remotes/git-github-com-angular-cli-git-abc2a622:   Repository not found.
22 silly tryHTTPS attempting to clone git+https://github.com/angular/cli.git
23 silly tryClone cloning angular/cli via git+https://github.com/angular/cli.git
24 verbose tryClone git-https-github-com-angular-cli-git-7e325762 not in flight; caching
25 verbose correctMkdir /Users/oge/.npm/_git-remotes correctMkdir not in flight; initializing
26 info git [ 'clone',
26 info git   '--template=/Users/oge/.npm/_git-remotes/_templates',
26 info git   '--mirror',
26 info git   'https://github.com/angular/cli.git',
26 info git   '/Users/oge/.npm/_git-remotes/git-https-github-com-angular-cli-git-7e325762' ]
27 verbose git clone --template=/Users/oge/.npm/_git-remotes/_templates --mirror https://github.com/angular/cli.git /Users/oge/.npm/_git-remotes/git-https-github-com-angular-cli-git-7e325762: Cloning into bare repository '/Users/oge/.npm/_git-remotes/git-https-github-com-angular-cli-git-7e325762'...
27 verbose git clone --template=/Users/oge/.npm/_git-remotes/_templates --mirror https://github.com/angular/cli.git /Users/oge/.npm/_git-remotes/git-https-github-com-angular-cli-git-7e325762: remote: Invalid username or password.
27 verbose git clone --template=/Users/oge/.npm/_git-remotes/_templates --mirror https://github.com/angular/cli.git /Users/oge/.npm/_git-remotes/git-https-github-com-angular-cli-git-7e325762: fatal: Authentication failed for 'https://github.com/angular/cli.git/'
28 silly trySSH attempting to clone git@github.com:angular/cli.git
29 silly tryClone cloning angular/cli via git@github.com:angular/cli.git
30 verbose tryClone git-github-com-angular-cli-git-05516032 not in flight; caching
31 verbose correctMkdir /Users/oge/.npm/_git-remotes correctMkdir not in flight; initializing
32 info git [ 'clone',
32 info git   '--template=/Users/oge/.npm/_git-remotes/_templates',
32 info git   '--mirror',
32 info git   'git@github.com:angular/cli.git',
32 info git   '/Users/oge/.npm/_git-remotes/git-github-com-angular-cli-git-05516032' ]
33 error git clone --template=/Users/oge/.npm/_git-remotes/_templates --mirror git@github.com:angular/cli.git /Users/oge/.npm/_git-remotes/git-github-com-angular-cli-git-05516032: Cloning into bare repository '/Users/oge/.npm/_git-remotes/git-github-com-angular-cli-git-05516032'...
33 error git clone --template=/Users/oge/.npm/_git-remotes/_templates --mirror git@github.com:angular/cli.git /Users/oge/.npm/_git-remotes/git-github-com-angular-cli-git-05516032: Warning: Permanently added 'github.com,192.30.253.113' (RSA) to the list of known hosts.
33 error git clone --template=/Users/oge/.npm/_git-remotes/_templates --mirror git@github.com:angular/cli.git /Users/oge/.npm/_git-remotes/git-github-com-angular-cli-git-05516032: ERROR: Repository not found.
33 error git clone --template=/Users/oge/.npm/_git-remotes/_templates --mirror git@github.com:angular/cli.git /Users/oge/.npm/_git-remotes/git-github-com-angular-cli-git-05516032: fatal: Could not read from remote repository.
33 error git clone --template=/Users/oge/.npm/_git-remotes/_templates --mirror git@github.com:angular/cli.git /Users/oge/.npm/_git-remotes/git-github-com-angular-cli-git-05516032:
33 error git clone --template=/Users/oge/.npm/_git-remotes/_templates --mirror git@github.com:angular/cli.git /Users/oge/.npm/_git-remotes/git-github-com-angular-cli-git-05516032: Please make sure you have the correct access rights
33 error git clone --template=/Users/oge/.npm/_git-remotes/_templates --mirror git@github.com:angular/cli.git /Users/oge/.npm/_git-remotes/git-github-com-angular-cli-git-05516032: and the repository exists.
34 silly fetchPackageMetaData Error: Command failed: git clone --template=/Users/oge/.npm/_git-remotes/_templates --mirror git@github.com:angular/cli.git /Users/oge/.npm/_git-remotes/git-github-com-angular-cli-git-05516032
34 silly fetchPackageMetaData Cloning into bare repository '/Users/oge/.npm/_git-remotes/git-github-com-angular-cli-git-05516032'...
34 silly fetchPackageMetaData Warning: Permanently added 'github.com,192.30.253.113' (RSA) to the list of known hosts.
34 silly fetchPackageMetaData ERROR: Repository not found.
34 silly fetchPackageMetaData fatal: Could not read from remote repository.
34 silly fetchPackageMetaData
34 silly fetchPackageMetaData Please make sure you have the correct access rights
34 silly fetchPackageMetaData and the repository exists.
34 silly fetchPackageMetaData
34 silly fetchPackageMetaData     at ChildProcess.exithandler (child_process.js:210:12)
34 silly fetchPackageMetaData     at emitTwo (events.js:106:13)
34 silly fetchPackageMetaData     at ChildProcess.emit (events.js:194:7)
34 silly fetchPackageMetaData     at maybeClose (internal/child_process.js:899:16)
34 silly fetchPackageMetaData     at Socket.<anonymous> (internal/child_process.js:342:11)
34 silly fetchPackageMetaData     at emitOne (events.js:96:13)
34 silly fetchPackageMetaData     at Socket.emit (events.js:191:7)
34 silly fetchPackageMetaData     at Pipe._handle.close [as _onclose] (net.js:513:12)
34 silly fetchPackageMetaData  error for angular/cli { Error: Command failed: git clone --template=/Users/oge/.npm/_git-remotes/_templates --mirror git@github.com:angular/cli.git /Users/oge/.npm/_git-remotes/git-github-com-angular-cli-git-05516032
34 silly fetchPackageMetaData Cloning into bare repository '/Users/oge/.npm/_git-remotes/git-github-com-angular-cli-git-05516032'...
34 silly fetchPackageMetaData Warning: Permanently added 'github.com,192.30.253.113' (RSA) to the list of known hosts.
34 silly fetchPackageMetaData ERROR: Repository not found.
34 silly fetchPackageMetaData fatal: Could not read from remote repository.
34 silly fetchPackageMetaData
34 silly fetchPackageMetaData Please make sure you have the correct access rights
34 silly fetchPackageMetaData and the repository exists.
34 silly fetchPackageMetaData
34 silly fetchPackageMetaData     at ChildProcess.exithandler (child_process.js:210:12)
34 silly fetchPackageMetaData     at emitTwo (events.js:106:13)
34 silly fetchPackageMetaData     at ChildProcess.emit (events.js:194:7)
34 silly fetchPackageMetaData     at maybeClose (internal/child_process.js:899:16)
34 silly fetchPackageMetaData     at Socket.<anonymous> (internal/child_process.js:342:11)
34 silly fetchPackageMetaData     at emitOne (events.js:96:13)
34 silly fetchPackageMetaData     at Socket.emit (events.js:191:7)
34 silly fetchPackageMetaData     at Pipe._handle.close [as _onclose] (net.js:513:12)
34 silly fetchPackageMetaData   killed: false,
34 silly fetchPackageMetaData   code: 128,
34 silly fetchPackageMetaData   signal: null,
34 silly fetchPackageMetaData   cmd: 'git clone --template=/Users/oge/.npm/_git-remotes/_templates --mirror git@github.com:angular/cli.git /Users/oge/.npm/_git-remotes/git-github-com-angular-cli-git-05516032' }
35 silly rollbackFailedOptional Starting
36 verbose stack TypeError: Cannot read property 'path' of null
36 verbose stack     at Installer.rollbackFailedOptional (/usr/local/lib/node_modules/npm/lib/install.js:511:29)
36 verbose stack     at Array.<anonymous> (/usr/local/lib/node_modules/npm/node_modules/slide/lib/bind-actor.js:15:8)
36 verbose stack     at LOOP (/usr/local/lib/node_modules/npm/node_modules/slide/lib/chain.js:15:14)
36 verbose stack     at /usr/local/lib/node_modules/npm/node_modules/slide/lib/chain.js:18:7
36 verbose stack     at /usr/local/lib/node_modules/npm/lib/install.js:337:5
36 verbose stack     at Array.<anonymous> (/usr/local/lib/node_modules/npm/node_modules/slide/lib/bind-actor.js:15:8)
36 verbose stack     at LOOP (/usr/local/lib/node_modules/npm/node_modules/slide/lib/chain.js:15:14)
36 verbose stack     at chain (/usr/local/lib/node_modules/npm/node_modules/slide/lib/chain.js:20:5)
36 verbose stack     at /usr/local/lib/node_modules/npm/lib/install.js:294:5
36 verbose stack     at /usr/local/lib/node_modules/npm/node_modules/slide/lib/chain.js:16:22
37 verbose cwd /Users/oge/Projects/fhnw-mobile-workshop/iOS/3. Termin/WeatherApp
38 error Darwin 16.4.0
39 error argv "/usr/local/bin/node" "/usr/local/bin/npm" "install" "-g" "angular/cli"
40 error node v7.7.2
41 error npm  v4.1.2
42 error Cannot read property 'path' of null
43 error If you need help, you may report this error at:
43 error     <https://github.com/npm/npm/issues>
44 verbose exit [ 1, true ]
